[2023-10-15T17:15:46.472Z] error: Error creating user:  Missing credentials in config, if using AWS_CONFIG_FILE, set AWS_SDK_LOAD_CONFIG=1
[2023-10-15T17:21:18.184Z] error: Error creating user:  Missing credentials in config, if using AWS_CONFIG_FILE, set AWS_SDK_LOAD_CONFIG=1
[2023-10-15T17:25:51.827Z] error: Error creating user:  Could not load credentials from any providers
[2023-10-15T17:32:22.336Z] error: Error creating user:  Could not load credentials from any providers
[2023-10-15T17:34:25.835Z] error: Error creating user:  Could not load credentials from any providers
[2023-10-15T17:34:56.120Z] error: Error creating user:  Could not load credentials from any providers
[2023-10-15T17:36:26.234Z] error: Error creating user:  Could not load credentials from any providers
[2023-10-15T17:37:40.486Z] error: Error creating user:  Could not load credentials from any providers
[2023-10-15T17:43:21.793Z] error: Error creating user:  Resolved credential object is not valid
[2023-10-15T17:43:43.401Z] error: Error creating user:  User pool us-east-2_7JGGXByhl does not exist.
[2023-10-15T17:44:01.646Z] error: Error creating user:  Password did not conform with password policy: Password not long enough
[2023-10-16T17:09:45.621Z] error: Error creating user:  User account already exists
[2023-10-16T17:43:06.022Z] error: Error creating user:  Password did not conform with password policy: Password must have symbol characters
[2023-10-16T17:44:45.781Z] error: Error creating user:  User account already exists
[2023-10-16T17:57:39.070Z] error: Error creating user:  1 validation error detected: Value at 'temporaryPassword' failed to satisfy constraint: Member must satisfy regular expression pattern: ^[\S]+.*[\S]+$
[2023-10-22T18:22:00.565Z] error: Error creating user:  Password did not conform with password policy: Password must have uppercase characters
[2023-10-22T18:28:58.582Z] error: Error creating user:  Username cannot be of email format, since user pool is configured for email alias.
[2023-11-10T01:27:08.916Z] error: Error logging in:  Incorrect username or password.
[2023-11-10T01:29:11.004Z] error: Error creating user:  Username cannot be of email format, since user pool is configured for email alias.
[2023-11-10T01:30:17.656Z] error: Error creating user:  Username cannot be of email format, since user pool is configured for email alias.
[2023-11-12T20:55:34.757Z] error: Error logging in:  Incorrect username or password.
[2023-11-12T20:55:35.880Z] error: Error logging in:  Incorrect username or password.
[2023-11-14T19:33:16.693Z] info: Working on link: https://github.com/zeit/arg
[2023-11-14T19:33:17.001Z] info: Error: Request failed with status code 401
[2023-11-14T19:33:17.002Z] info: Cloning repository...
[2023-11-14T19:33:17.524Z] info: Readme data gathered for https://github.com/zeit/arg
[2023-11-14T19:33:17.524Z] info: File deleted successfully
[2023-11-14T19:33:17.526Z] info: Cloned local repo deleted successfully
[2023-11-14T19:33:17.527Z] info: Cloning repository...
[2023-11-14T19:33:17.738Z] info: Fetched Github user data
[2023-11-14T19:33:17.738Z] info: Calculating Bus Factor
[2023-11-14T19:33:17.738Z] info: Calculating Correctness
[2023-11-14T19:33:17.738Z] info: Calculating Ramp Up
[2023-11-14T19:33:17.738Z] info: Calculating License
[2023-11-14T19:33:17.738Z] info: Calculating Net Score
[2023-11-14T19:33:17.738Z] info: Completed calculation for module: https://github.com/zeit/arg
[2023-11-14T19:33:17.739Z] info: Program completed successfully
[2023-11-14T19:36:38.589Z] info: Working on link: https://github.com/zeit/arg
[2023-11-14T19:36:39.686Z] info: Entering fetchIssues function
[2023-11-14T19:36:40.688Z] info: Entering fetchPulls function
[2023-11-14T19:36:48.544Z] info: Cloning repository...
[2023-11-14T19:36:48.554Z] info: An error occurred:NotFoundError: Could not find HEAD.
[2023-11-14T19:36:48.554Z] info: File deleted successfully
[2023-11-14T19:36:48.554Z] info: Cloned local repo deleted successfully
[2023-11-14T19:36:48.554Z] info: Cloned local repo deleted successfully
[2023-11-14T19:36:48.554Z] info: Cloning repository...
[2023-11-14T19:36:49.201Z] info: Fetched Github user data
[2023-11-14T19:36:49.201Z] info: Calculating Bus Factor
[2023-11-14T19:36:49.201Z] info: Calculating Correctness
[2023-11-14T19:36:49.201Z] info: Calculating Ramp Up
[2023-11-14T19:36:49.201Z] info: Calculating License
[2023-11-14T19:36:49.201Z] info: Calculating Net Score
[2023-11-14T19:36:49.201Z] info: Completed calculation for module: https://github.com/zeit/arg
[2023-11-14T19:36:49.202Z] info: Program completed successfully
[2023-11-14T19:45:03.783Z] info: Working on link: https://github.com/zeit/arg
[2023-11-14T19:45:04.344Z] info: Entering fetchIssues function
[2023-11-14T19:45:05.400Z] info: Entering fetchPulls function
[2023-11-14T19:45:12.453Z] info: Cloning repository...
[2023-11-14T19:45:12.460Z] info: ENOTEMPTY: directory not empty, rmdir './local-repo/.git'
[2023-11-14T19:45:13.490Z] info: Readme data gathered for https://github.com/zeit/arg
[2023-11-14T19:45:13.490Z] info: File deleted successfully
[2023-11-14T19:45:13.492Z] info: Cloned local repo deleted successfully
[2023-11-14T19:45:13.492Z] info: Cloning repository...
[2023-11-14T19:45:14.012Z] info: Fetched Github user data
[2023-11-14T19:45:14.012Z] info: Calculating Bus Factor
[2023-11-14T19:45:14.012Z] info: Calculating Correctness
[2023-11-14T19:45:14.012Z] info: Calculating Ramp Up
[2023-11-14T19:45:14.012Z] info: Calculating License
[2023-11-14T19:45:14.012Z] info: Calculating Net Score
[2023-11-14T19:45:14.013Z] info: Completed calculation for module: https://github.com/zeit/arg
[2023-11-14T19:45:14.013Z] info: Program completed successfully
[2023-11-14T19:46:25.040Z] info: Working on link: https://github.com/zeit/arg
[2023-11-14T19:46:25.678Z] info: Entering fetchIssues function
[2023-11-14T19:46:26.283Z] info: Entering fetchPulls function
[2023-11-14T19:46:31.463Z] info: Cloning repository...
[2023-11-14T19:46:31.471Z] info: An error occurred:NotFoundError: Could not find HEAD.
[2023-11-14T19:46:31.471Z] info: File deleted successfully
[2023-11-14T19:46:31.471Z] info: Cloned local repo deleted successfully
[2023-11-14T19:46:31.471Z] info: Cloning repository...
[2023-11-14T19:46:31.472Z] info: Cloned local repo deleted successfully
[2023-11-14T19:46:31.933Z] info: Fetched Github user data
[2023-11-14T19:46:31.933Z] info: Calculating Bus Factor
[2023-11-14T19:46:31.933Z] info: Calculating Correctness
[2023-11-14T19:46:31.933Z] info: Calculating Ramp Up
[2023-11-14T19:46:31.933Z] info: Calculating License
[2023-11-14T19:46:31.933Z] info: Calculating Net Score
[2023-11-14T19:46:31.933Z] info: Completed calculation for module: https://github.com/zeit/arg
[2023-11-14T19:46:31.934Z] info: Program completed successfully
[2023-11-14T19:51:15.873Z] info: Working on link: https://github.com/zeit/arg
[2023-11-14T19:51:16.456Z] info: Entering fetchIssues function
[2023-11-14T19:51:17.252Z] info: Entering fetchPulls function
[2023-11-14T19:51:23.391Z] info: Cloning repository...
[2023-11-14T19:51:23.401Z] info: An error occurred:NotFoundError: Could not find HEAD.
[2023-11-14T19:51:23.401Z] info: File deleted successfully
[2023-11-14T19:51:23.401Z] info: Cloning repository...
[2023-11-14T19:51:23.401Z] info: Cloned local repo deleted successfully
[2023-11-14T19:51:23.401Z] info: ENOENT: no such file or directory, lstat './local-repo'
[2023-11-14T19:51:23.796Z] info: Fetched Github user data
[2023-11-14T19:51:23.796Z] info: Calculating Bus Factor
[2023-11-14T19:51:23.796Z] info: Calculating Correctness
[2023-11-14T19:51:23.796Z] info: Calculating Ramp Up
[2023-11-14T19:51:23.796Z] info: Calculating License
[2023-11-14T19:51:23.796Z] info: Calculating Net Score
[2023-11-14T19:51:23.796Z] info: Completed calculation for module: https://github.com/zeit/arg
[2023-11-14T19:51:23.796Z] info: Program completed successfully
[2023-11-14T19:52:45.214Z] info: Working on link: https://github.com/zeit/arg
[2023-11-14T19:52:45.793Z] info: Entering fetchIssues function
[2023-11-14T19:52:46.611Z] info: Entering fetchPulls function
[2023-11-14T19:52:52.551Z] info: Cloning repository...
[2023-11-14T19:52:52.555Z] info: An error occurred:NotFoundError: Could not find HEAD.
[2023-11-14T19:52:52.555Z] info: File deleted successfully
[2023-11-14T19:52:52.555Z] info: Cloning repository...
[2023-11-14T19:52:52.555Z] info: Cloned local repo deleted successfully
[2023-11-14T19:52:52.555Z] info: ENOENT: no such file or directory, lstat './local-repo'
[2023-11-14T19:52:53.011Z] info: Fetched Github user data
[2023-11-14T19:52:53.011Z] info: Calculating Bus Factor
[2023-11-14T19:52:53.011Z] info: Calculating Correctness
[2023-11-14T19:52:53.011Z] info: Calculating Ramp Up
[2023-11-14T19:52:53.011Z] info: Calculating License
[2023-11-14T19:52:53.011Z] info: Calculating Net Score
[2023-11-14T19:52:53.011Z] info: Completed calculation for module: https://github.com/zeit/arg
[2023-11-14T19:52:53.011Z] info: Program completed successfully
[2023-11-20T21:41:49.369Z] info: Working on link: https://github.com/zeit/arg
[2023-11-20T21:41:49.890Z] info: Entering fetchIssues function
[2023-11-20T21:41:50.414Z] info: Entering fetchPulls function
[2023-11-20T21:41:55.506Z] info: Cloning repository...
[2023-11-20T21:41:55.511Z] info: ENOTEMPTY: directory not empty, rmdir './local-repo/.git'
[2023-11-20T21:41:55.933Z] info: Readme data gathered for https://github.com/zeit/arg
[2023-11-20T21:41:55.933Z] info: File deleted successfully
[2023-11-20T21:41:55.936Z] info: Cloned local repo deleted successfully
[2023-11-20T21:41:55.936Z] info: Cloning repository...
[2023-11-20T21:41:56.159Z] info: Fetched Github user data
[2023-11-20T21:41:56.160Z] info: Calculating Bus Factor
[2023-11-20T21:41:56.160Z] info: Calculating Correctness
[2023-11-20T21:41:56.160Z] info: Calculating Ramp Up
[2023-11-20T21:41:56.160Z] info: Calculating License
[2023-11-20T21:41:56.160Z] info: Calculating Net Score
[2023-11-20T21:41:56.160Z] info: Completed calculation for module: https://github.com/zeit/arg
[2023-11-20T21:41:56.160Z] info: Program completed successfully
[2023-11-20T21:45:42.095Z] error: Error creating user:  User account already exists
[2023-11-20T22:00:07.518Z] info: Working on link: https://github.com/zeit/arg
[2023-11-20T22:00:08.126Z] info: Entering fetchIssues function
[2023-11-20T22:00:08.806Z] info: Entering fetchPulls function
[2023-11-20T22:00:13.937Z] info: Cloning repository...
[2023-11-20T22:00:13.944Z] info: An error occurred:NotFoundError: Could not find HEAD.
[2023-11-20T22:00:13.944Z] info: File deleted successfully
[2023-11-20T22:00:13.945Z] info: ENOENT: no such file or directory, lstat './local-repo'
[2023-11-20T22:00:13.945Z] info: Cloned local repo deleted successfully
[2023-11-20T22:00:13.945Z] info: An error occurred:Error: ENOENT: no such file or directory, lstat './local-repo'
[2023-11-20T22:00:13.945Z] info: Fetched Github user data
[2023-11-20T22:00:13.945Z] info: Calculating Bus Factor
[2023-11-20T22:00:13.945Z] info: Calculating Correctness
[2023-11-20T22:00:13.946Z] info: Calculating Ramp Up
[2023-11-20T22:00:13.946Z] info: Calculating License
[2023-11-20T22:00:13.946Z] info: Calculating Net Score
[2023-11-20T22:00:13.946Z] info: Completed calculation for module: https://github.com/zeit/arg
[2023-11-20T22:00:13.946Z] info: Program completed successfully
[2023-11-20T22:03:01.952Z] info: Working on link: https://github.com/zeit/arg
[2023-11-20T22:03:02.411Z] info: Entering fetchIssues function
[2023-11-20T22:03:02.977Z] info: Entering fetchPulls function
[2023-11-20T22:03:07.793Z] info: Cloning repository...
[2023-11-20T22:03:08.206Z] info: Readme data gathered for https://github.com/zeit/arg
[2023-11-20T22:03:08.207Z] info: File deleted successfully
[2023-11-20T22:03:08.213Z] info: Cloned local repo deleted successfully
[2023-11-20T22:03:08.213Z] info: Cloning repository...
[2023-11-20T22:03:08.418Z] info: Fetched Github user data
[2023-11-20T22:03:08.418Z] info: Calculating Bus Factor
[2023-11-20T22:03:08.418Z] info: Calculating Correctness
[2023-11-20T22:03:08.418Z] info: Calculating Ramp Up
[2023-11-20T22:03:08.418Z] info: Calculating License
[2023-11-20T22:03:08.418Z] info: Calculating Net Score
[2023-11-20T22:03:08.418Z] info: Completed calculation for module: https://github.com/zeit/arg
[2023-11-20T22:03:08.418Z] info: Program completed successfully
[2023-11-20T22:04:39.174Z] info: Working on link: https://github.com/zeit/arg
[2023-11-20T22:04:39.804Z] info: Entering fetchIssues function
[2023-11-20T22:04:40.573Z] info: Entering fetchPulls function
[2023-11-20T22:04:46.094Z] info: Cloning repository...
[2023-11-20T22:04:46.108Z] info: An error occurred:NotFoundError: Could not find HEAD.
[2023-11-20T22:04:46.110Z] info: File deleted successfully
[2023-11-20T22:04:46.110Z] info: Cloning repository...
[2023-11-20T22:04:46.110Z] info: Cloned local repo deleted successfully
[2023-11-20T22:04:46.112Z] info: ENOENT: no such file or directory, lstat './local-repo'
[2023-11-20T22:04:46.462Z] info: Fetched Github user data
[2023-11-20T22:04:46.462Z] info: Calculating Bus Factor
[2023-11-20T22:04:46.462Z] info: Calculating Correctness
[2023-11-20T22:04:46.462Z] info: Calculating Ramp Up
[2023-11-20T22:04:46.462Z] info: Calculating License
[2023-11-20T22:04:46.462Z] info: Calculating Net Score
[2023-11-20T22:04:46.462Z] info: Completed calculation for module: https://github.com/zeit/arg
[2023-11-20T22:04:46.462Z] info: Program completed successfully
[2023-11-20T22:05:39.803Z] info: Working on link: https://github.com/zeit/arg
[2023-11-20T22:05:40.296Z] info: Entering fetchIssues function
[2023-11-20T22:05:40.881Z] info: Entering fetchPulls function
[2023-11-20T22:05:46.280Z] info: Cloning repository...
[2023-11-20T22:05:46.284Z] info: An error occurred:NotFoundError: Could not find HEAD.
[2023-11-20T22:05:46.284Z] info: File deleted successfully
[2023-11-20T22:05:46.284Z] info: Cloned local repo deleted successfully
[2023-11-20T22:05:46.284Z] info: Cloning repository...
[2023-11-20T22:05:46.284Z] info: Cloned local repo deleted successfully
[2023-11-20T22:05:46.639Z] info: Fetched Github user data
[2023-11-20T22:05:46.639Z] info: Calculating Bus Factor
[2023-11-20T22:05:46.639Z] info: Calculating Correctness
[2023-11-20T22:05:46.639Z] info: Calculating Ramp Up
[2023-11-20T22:05:46.639Z] info: Calculating License
[2023-11-20T22:05:46.639Z] info: Calculating Net Score
[2023-11-20T22:05:46.640Z] info: Completed calculation for module: https://github.com/zeit/arg
[2023-11-20T22:05:46.640Z] info: Program completed successfully
